Using pre-set license
Built from '2021.1/release' branch; Version is '2021.1.4f1 (4cd64a618c1b) revision 5035594'; Using compiler version '192528614'; Build Type 'Release'
OS: 'Windows 10 Home; OS build 18363.1500; Version 1909; 64bit' Language: 'de' Physical Memory: 7884 MB
BatchMode: 1, IsHumanControllingUs: 0, StartBugReporterOnCrash: 0, Is64bit: 1, IsPro: 0

 COMMAND LINE ARGUMENTS:
C:\Program Files\Unity\Hub\Editor\2021.1.4f1\Editor\Unity.exe
-adb2
-batchMode
-noUpm
-name
AssetImportWorker0
-projectPath
C:/Users/Baran Yerlikaya/MastersOfGramatyka
-logFile
Logs/AssetImportWorker0.log
-srvPort
51623
Successfully changed project path to: C:/Users/Baran Yerlikaya/MastersOfGramatyka
C:/Users/Baran Yerlikaya/MastersOfGramatyka
Using Asset Import Pipeline V2.
Refreshing native plugins compatible for Editor in 36.80 ms, found 0 plugins.
Preloading 0 native plugins for Editor in 0.00 ms.
Initialize engine version: 2021.1.4f1 (4cd64a618c1b)
[Subsystems] Discovering subsystems at path C:/Program Files/Unity/Hub/Editor/2021.1.4f1/Editor/Data/Resources/UnitySubsystems
[Subsystems] Discovering subsystems at path C:/Users/Baran Yerlikaya/MastersOfGramatyka/Assets
GfxDevice: creating device client; threaded=0; jobified=0
Direct3D:
    Version:  Direct3D 11.0 [level 11.1]
    Renderer: Radeon RX 580 Series (ID=0x67df)
    Vendor:   ATI
    VRAM:     8171 MB
    Driver:   27.20.14501.28009
Initialize mono
Mono path[0] = 'C:/Program Files/Unity/Hub/Editor/2021.1.4f1/Editor/Data/Managed'
Mono path[1] = 'C:/Program Files/Unity/Hub/Editor/2021.1.4f1/Editor/Data/MonoBleedingEdge/lib/mono/unityjit'
Mono config path = 'C:/Program Files/Unity/Hub/Editor/2021.1.4f1/Editor/Data/MonoBleedingEdge/etc'
Using monoOptions --debugger-agent=transport=dt_socket,embedding=1,server=y,suspend=n,address=127.0.0.1:56588
Begin MonoManager ReloadAssembly
Registering precompiled unity dll's ...
Register platform support module: C:/Program Files/Unity/Hub/Editor/2021.1.4f1/Editor/Data/PlaybackEngines/WebGLSupport/UnityEditor.WebGL.Extensions.dll
Register platform support module: C:/Program Files/Unity/Hub/Editor/2021.1.4f1/Editor/Data/PlaybackEngines/WindowsStandaloneSupport/UnityEditor.WindowsStandalone.Extensions.dll
Registered in 0.004557 seconds.
Native extension for WindowsStandalone target not found
Native extension for WebGL target not found
Refreshing native plugins compatible for Editor in 35.50 ms, found 0 plugins.
Preloading 0 native plugins for Editor in 0.00 ms.
Mono: successfully reloaded assembly
- Completed reload, in  1.768 seconds
Platform modules already initialized, skipping
Registering precompiled user dll's ...
Registered in 0.002035 seconds.
Begin MonoManager ReloadAssembly
Native extension for WindowsStandalone target not found
Native extension for WebGL target not found
Refreshing native plugins compatible for Editor in 0.31 ms, found 0 plugins.
Preloading 0 native plugins for Editor in 0.00 ms.
Mono: successfully reloaded assembly
- Completed reload, in  1.405 seconds
Platform modules already initialized, skipping
========================================================================
Worker process is ready to serve import requests
Launched and connected shader compiler UnityShaderCompiler.exe after 0.11 seconds
Refreshing native plugins compatible for Editor in 0.51 ms, found 0 plugins.
Preloading 0 native plugins for Editor in 0.00 ms.
Unloading 1312 Unused Serialized files (Serialized files now loaded: 0)
System memory in use before: 67.4 MB.
System memory in use after: 67.4 MB.

Unloading 10 unused Assets to reduce memory usage. Loaded Objects now: 1772.
Total: 3.647700 ms (FindLiveObjects: 0.324200 ms CreateObjectMapping: 0.092900 ms MarkObjects: 3.104400 ms  DeleteObjects: 0.123600 ms)

========================================================================
Received Import Request.
  path: Assets/Lava_Flowing_Shader/Materials/mtl_lava_distort.mat
  artifactKey: Guid(787cb25de3401c44b939f2599cda764c) Importer(815301076,1909f56bfc062723c751e8b465ee728b)
Start importing Assets/Lava_Flowing_Shader/Materials/mtl_lava_distort.mat using Guid(787cb25de3401c44b939f2599cda764c) Importer(815301076,1909f56bfc062723c751e8b465ee728b)  -> (artifact id: 'dce19d391d7a7cc17b004f82aed6abe3') in 0.525536 seconds 
========================================================================
Received Prepare
Registering precompiled user dll's ...
Registered in 0.001615 seconds.
Begin MonoManager ReloadAssembly
Native extension for WindowsStandalone target not found
Native extension for WebGL target not found
Refreshing native plugins compatible for Editor in 0.41 ms, found 0 plugins.
Preloading 0 native plugins for Editor in 0.00 ms.
Mono: successfully reloaded assembly
- Completed reload, in  1.457 seconds
Platform modules already initialized, skipping
Refreshing native plugins compatible for Editor in 0.32 ms, found 0 plugins.
Preloading 0 native plugins for Editor in 0.00 ms.
Unloading 1287 Unused Serialized files (Serialized files now loaded: 0)
System memory in use before: 69.4 MB.
System memory in use after: 69.5 MB.

Unloading 5 unused Assets to reduce memory usage. Loaded Objects now: 1815.
Total: 4.223700 ms (FindLiveObjects: 0.190500 ms CreateObjectMapping: 0.040900 ms MarkObjects: 3.962300 ms  DeleteObjects: 0.027500 ms)

========================================================================
Received Prepare
Registering precompiled user dll's ...
Registered in 0.002147 seconds.
Begin MonoManager ReloadAssembly
Native extension for WindowsStandalone target not found
Native extension for WebGL target not found
Refreshing native plugins compatible for Editor in 0.37 ms, found 0 plugins.
Preloading 0 native plugins for Editor in 0.00 ms.
Mono: successfully reloaded assembly
- Completed reload, in  1.360 seconds
Platform modules already initialized, skipping
Refreshing native plugins compatible for Editor in 0.34 ms, found 0 plugins.
Preloading 0 native plugins for Editor in 0.00 ms.
Unloading 1287 Unused Serialized files (Serialized files now loaded: 0)
System memory in use before: 69.4 MB.
System memory in use after: 69.5 MB.

Unloading 5 unused Assets to reduce memory usage. Loaded Objects now: 1818.
Total: 3.282800 ms (FindLiveObjects: 0.197700 ms CreateObjectMapping: 0.044100 ms MarkObjects: 3.013400 ms  DeleteObjects: 0.026000 ms)

========================================================================
Received Import Request.
  Time since last request: 106.908061 seconds.
  path: Assets/Resume.cs
  artifactKey: Guid(24c94a168b1be2845af543972e6aced5) Importer(815301076,1909f56bfc062723c751e8b465ee728b)
Start importing Assets/Resume.cs using Guid(24c94a168b1be2845af543972e6aced5) Importer(815301076,1909f56bfc062723c751e8b465ee728b)  -> (artifact id: '3b475f82e22d13b334c19573c3dd5b87') in 0.030344 seconds 
========================================================================
Received Prepare
Registering precompiled user dll's ...
Registered in 0.002236 seconds.
Begin MonoManager ReloadAssembly
Native extension for WindowsStandalone target not found
Native extension for WebGL target not found
Refreshing native plugins compatible for Editor in 0.34 ms, found 0 plugins.
Preloading 0 native plugins for Editor in 0.00 ms.
Mono: successfully reloaded assembly
- Completed reload, in  1.277 seconds
Platform modules already initialized, skipping
Refreshing native plugins compatible for Editor in 0.29 ms, found 0 plugins.
Preloading 0 native plugins for Editor in 0.00 ms.
Unloading 1286 Unused Serialized files (Serialized files now loaded: 0)
System memory in use before: 69.4 MB.
System memory in use after: 69.5 MB.

Unloading 5 unused Assets to reduce memory usage. Loaded Objects now: 1821.
Total: 2.510900 ms (FindLiveObjects: 0.163000 ms CreateObjectMapping: 0.033600 ms MarkObjects: 2.294200 ms  DeleteObjects: 0.018600 ms)

========================================================================
Received Prepare
Registering precompiled user dll's ...
Registered in 0.002333 seconds.
Begin MonoManager ReloadAssembly
Native extension for WindowsStandalone target not found
Native extension for WebGL target not found
Refreshing native plugins compatible for Editor in 0.40 ms, found 0 plugins.
Preloading 0 native plugins for Editor in 0.00 ms.
Mono: successfully reloaded assembly
- Completed reload, in  1.375 seconds
Platform modules already initialized, skipping
Refreshing native plugins compatible for Editor in 0.30 ms, found 0 plugins.
Preloading 0 native plugins for Editor in 0.00 ms.
Unloading 1286 Unused Serialized files (Serialized files now loaded: 0)
System memory in use before: 69.5 MB.
System memory in use after: 69.6 MB.

Unloading 5 unused Assets to reduce memory usage. Loaded Objects now: 1824.
Total: 2.339000 ms (FindLiveObjects: 0.175700 ms CreateObjectMapping: 0.039300 ms MarkObjects: 2.106100 ms  DeleteObjects: 0.016100 ms)

========================================================================
Received Prepare
Registering precompiled user dll's ...
Registered in 0.002229 seconds.
Begin MonoManager ReloadAssembly
Native extension for WindowsStandalone target not found
Native extension for WebGL target not found
Refreshing native plugins compatible for Editor in 0.31 ms, found 0 plugins.
Preloading 0 native plugins for Editor in 0.00 ms.
Mono: successfully reloaded assembly
- Completed reload, in  1.237 seconds
Platform modules already initialized, skipping
Refreshing native plugins compatible for Editor in 0.32 ms, found 0 plugins.
Preloading 0 native plugins for Editor in 0.00 ms.
Unloading 1286 Unused Serialized files (Serialized files now loaded: 0)
System memory in use before: 69.5 MB.
System memory in use after: 69.6 MB.

Unloading 5 unused Assets to reduce memory usage. Loaded Objects now: 1827.
Total: 2.257100 ms (FindLiveObjects: 0.154700 ms CreateObjectMapping: 0.031700 ms MarkObjects: 2.055100 ms  DeleteObjects: 0.014500 ms)

========================================================================
Received Import Request.
  Time since last request: 545.241921 seconds.
  path: Assets/PauseMenu.cs
  artifactKey: Guid(8c0e33f5e7726bd49b4880bde80a6d0f) Importer(815301076,1909f56bfc062723c751e8b465ee728b)
Start importing Assets/PauseMenu.cs using Guid(8c0e33f5e7726bd49b4880bde80a6d0f) Importer(815301076,1909f56bfc062723c751e8b465ee728b)  -> (artifact id: '3a92d884f5833707541a357c3a964f30') in 0.015796 seconds 
========================================================================
Received Prepare
Registering precompiled user dll's ...
Registered in 0.002371 seconds.
Begin MonoManager ReloadAssembly
Native extension for WindowsStandalone target not found
Native extension for WebGL target not found
Refreshing native plugins compatible for Editor in 0.29 ms, found 0 plugins.
Preloading 0 native plugins for Editor in 0.00 ms.
Mono: successfully reloaded assembly
- Completed reload, in  1.293 seconds
Platform modules already initialized, skipping
Refreshing native plugins compatible for Editor in 0.28 ms, found 0 plugins.
Preloading 0 native plugins for Editor in 0.00 ms.
Unloading 1285 Unused Serialized files (Serialized files now loaded: 0)
System memory in use before: 69.5 MB.
System memory in use after: 69.6 MB.

Unloading 5 unused Assets to reduce memory usage. Loaded Objects now: 1830.
Total: 3.000100 ms (FindLiveObjects: 0.162600 ms CreateObjectMapping: 0.033400 ms MarkObjects: 2.787800 ms  DeleteObjects: 0.015000 ms)

========================================================================
Received Import Request.
  Time since last request: 46.106265 seconds.
  path: Assets/Lava_Flowing_Shader/ReadMe.txt
  artifactKey: Guid(85580c0999f852645a0f8bf54b7116bb) Importer(815301076,1909f56bfc062723c751e8b465ee728b)
Start importing Assets/Lava_Flowing_Shader/ReadMe.txt using Guid(85580c0999f852645a0f8bf54b7116bb) Importer(815301076,1909f56bfc062723c751e8b465ee728b)  -> (artifact id: '30f56f874f8b00e265e89249d146ed19') in 0.118362 seconds 
========================================================================
Received Import Request.
  Time since last request: 104.137448 seconds.
  path: Assets/CharacterStats.cs
  artifactKey: Guid(d5f8eef45dbdc3147adf57c008e8cb6a) Importer(815301076,1909f56bfc062723c751e8b465ee728b)
Start importing Assets/CharacterStats.cs using Guid(d5f8eef45dbdc3147adf57c008e8cb6a) Importer(815301076,1909f56bfc062723c751e8b465ee728b)  -> (artifact id: '3475da6b7d4db3f8ccefbf98071eabf4') in 0.012118 seconds 
========================================================================
Received Prepare
Registering precompiled user dll's ...
Registered in 0.001590 seconds.
Begin MonoManager ReloadAssembly
Native extension for WindowsStandalone target not found
Native extension for WebGL target not found
Refreshing native plugins compatible for Editor in 0.33 ms, found 0 plugins.
Preloading 0 native plugins for Editor in 0.00 ms.
Mono: successfully reloaded assembly
- Completed reload, in  1.220 seconds
Platform modules already initialized, skipping
Refreshing native plugins compatible for Editor in 0.28 ms, found 0 plugins.
Preloading 0 native plugins for Editor in 0.00 ms.
Unloading 1284 Unused Serialized files (Serialized files now loaded: 0)
System memory in use before: 69.4 MB.
System memory in use after: 69.5 MB.

Unloading 5 unused Assets to reduce memory usage. Loaded Objects now: 1833.
Total: 2.286500 ms (FindLiveObjects: 0.182700 ms CreateObjectMapping: 0.038600 ms MarkObjects: 2.044300 ms  DeleteObjects: 0.018800 ms)

========================================================================
Received Import Request.
  Time since last request: 82.699845 seconds.
  path: Assets/Stst.cs
  artifactKey: Guid(f29534cfe719b9d49bcd2c8f41dfda47) Importer(815301076,1909f56bfc062723c751e8b465ee728b)
Start importing Assets/Stst.cs using Guid(f29534cfe719b9d49bcd2c8f41dfda47) Importer(815301076,1909f56bfc062723c751e8b465ee728b)  -> (artifact id: 'e559348465fb376cf84aa3bec1d825cc') in 0.014018 seconds 
========================================================================
Received Import Request.
  Time since last request: 5.470950 seconds.
  path: Assets/Stat.cs
  artifactKey: Guid(f29534cfe719b9d49bcd2c8f41dfda47) Importer(815301076,1909f56bfc062723c751e8b465ee728b)
Start importing Assets/Stat.cs using Guid(f29534cfe719b9d49bcd2c8f41dfda47) Importer(815301076,1909f56bfc062723c751e8b465ee728b)  -> (artifact id: 'c0e36489ef3d3de97f1da378ffdd9941') in 0.011653 seconds 
========================================================================
Received Prepare
Registering precompiled user dll's ...
Registered in 0.002491 seconds.
Begin MonoManager ReloadAssembly
Native extension for WindowsStandalone target not found
Native extension for WebGL target not found
Refreshing native plugins compatible for Editor in 0.36 ms, found 0 plugins.
Preloading 0 native plugins for Editor in 0.00 ms.
Mono: successfully reloaded assembly
- Completed reload, in  1.315 seconds
Platform modules already initialized, skipping
Refreshing native plugins compatible for Editor in 0.28 ms, found 0 plugins.
Preloading 0 native plugins for Editor in 0.00 ms.
Unloading 1284 Unused Serialized files (Serialized files now loaded: 0)
System memory in use before: 69.5 MB.
System memory in use after: 69.6 MB.

Unloading 5 unused Assets to reduce memory usage. Loaded Objects now: 1837.
Total: 2.320500 ms (FindLiveObjects: 0.189500 ms CreateObjectMapping: 0.039500 ms MarkObjects: 2.074100 ms  DeleteObjects: 0.015700 ms)

========================================================================
Received Import Request.
  Time since last request: 94.887818 seconds.
  path: Assets/Stat.cs
  artifactKey: Guid(f29534cfe719b9d49bcd2c8f41dfda47) Importer(815301076,1909f56bfc062723c751e8b465ee728b)
Start importing Assets/Stat.cs using Guid(f29534cfe719b9d49bcd2c8f41dfda47) Importer(815301076,1909f56bfc062723c751e8b465ee728b)  -> (artifact id: '1085c8889f9923c8964971661e53bfe7') in 0.006155 seconds 
========================================================================
Received Prepare
Registering precompiled user dll's ...
Registered in 0.001592 seconds.
Begin MonoManager ReloadAssembly
Native extension for WindowsStandalone target not found
Native extension for WebGL target not found
Refreshing native plugins compatible for Editor in 0.34 ms, found 0 plugins.
Preloading 0 native plugins for Editor in 0.00 ms.
Mono: successfully reloaded assembly
- Completed reload, in  1.253 seconds
Platform modules already initialized, skipping
Refreshing native plugins compatible for Editor in 0.29 ms, found 0 plugins.
Preloading 0 native plugins for Editor in 0.00 ms.
Unloading 1284 Unused Serialized files (Serialized files now loaded: 0)
System memory in use before: 69.5 MB.
System memory in use after: 69.6 MB.

Unloading 5 unused Assets to reduce memory usage. Loaded Objects now: 1840.
Total: 3.284300 ms (FindLiveObjects: 0.173300 ms CreateObjectMapping: 0.035400 ms MarkObjects: 3.047300 ms  DeleteObjects: 0.026100 ms)

========================================================================
Received Prepare
Registering precompiled user dll's ...
Registered in 0.002164 seconds.
Begin MonoManager ReloadAssembly
Native extension for WindowsStandalone target not found
Native extension for WebGL target not found
Refreshing native plugins compatible for Editor in 0.39 ms, found 0 plugins.
Preloading 0 native plugins for Editor in 0.00 ms.
Mono: successfully reloaded assembly
- Completed reload, in  1.251 seconds
Platform modules already initialized, skipping
Refreshing native plugins compatible for Editor in 0.28 ms, found 0 plugins.
Preloading 0 native plugins for Editor in 0.00 ms.
Unloading 1284 Unused Serialized files (Serialized files now loaded: 0)
System memory in use before: 69.5 MB.
System memory in use after: 69.6 MB.

Unloading 5 unused Assets to reduce memory usage. Loaded Objects now: 1843.
Total: 2.236500 ms (FindLiveObjects: 0.175200 ms CreateObjectMapping: 0.039400 ms MarkObjects: 2.001300 ms  DeleteObjects: 0.019200 ms)

AssetImportWorkerClient::OnTransportError - code=2 error=End of file
